<?xml version="1.0" encoding="UTF-8"?>
<testng-results ignored="0" total="1" passed="1" failed="0" skipped="0">
  <reporter-output>
  </reporter-output>
  <suite started-at="2023-11-30T20:16:14 IST" name="Default suite" finished-at="2023-11-30T20:17:09 IST" duration-ms="55002">
    <groups>
    </groups>
    <test started-at="2023-11-30T20:16:14 IST" name="Default test" finished-at="2023-11-30T20:17:09 IST" duration-ms="55002">
      <class name="testngpkg.Datepicker">
        <test-method is-config="true" signature="setUp()[pri:0, instance:testngpkg.Datepicker@b9b00e0]" started-at="2023-11-30T20:16:14 IST" name="setUp" finished-at="2023-11-30T20:17:01 IST" duration-ms="46836" status="PASS">
          <reporter-output>
          </reporter-output>
        </test-method> <!-- setUp -->
        <test-method signature="datepickertest()[pri:0, instance:testngpkg.Datepicker@b9b00e0]" started-at="2023-11-30T20:17:01 IST" name="datepickertest" finished-at="2023-11-30T20:17:09 IST" duration-ms="8105" status="PASS">
          <reporter-output>
          </reporter-output>
        </test-method> <!-- datepickertest -->
      </class> <!-- testngpkg.Datepicker -->
    </test> <!-- Default test -->
  </suite> <!-- Default suite -->
</testng-results>
